...found 11 targets...
...updating 8 targets...
common.mkdir bin.v2/standalone
common.mkdir bin.v2/standalone/ac
common.mkdir bin.v2/standalone/ac/gcc-7
common.mkdir bin.v2/standalone/ac/gcc-7/release
common.mkdir bin.v2/standalone/ac/gcc-7/release/link-static
common.mkdir bin.v2/standalone/ac/gcc-7/release/link-static/threading-multi
gcc.compile.c++ bin.v2/standalone/ac/gcc-7/release/link-static/threading-multi/zlib.h.o
bin.v2/standalone/ac/zlib.h.cpp:1:10: fatal error: zlib.h: No such file or directory
 #include <zlib.h>
          ^~~~~~~~
compilation terminated.

    "g++"  -ftemplate-depth-128 -O3 -finline-functions -Wno-inline -Wall -pthread  -DNDEBUG   -c -o "bin.v2/standalone/ac/gcc-7/release/link-static/threading-multi/zlib.h.o" "bin.v2/standalone/ac/zlib.h.cpp"

...failed gcc.compile.c++ bin.v2/standalone/ac/gcc-7/release/link-static/threading-multi/zlib.h.o...
...failed updating 1 target...
...updated 7 targets...
...found 5 targets...
...updating 3 targets...
gcc.compile.c++ bin.v2/standalone/ac/gcc-7/release/link-static/threading-multi/main.o
gcc.link bin.v2/standalone/ac/gcc-7/release/link-static/threading-multi/z
/usr/bin/ld: cannot find -lz
collect2: error: ld returned 1 exit status

    "g++"    -o "bin.v2/standalone/ac/gcc-7/release/link-static/threading-multi/z" -Wl,--start-group "bin.v2/standalone/ac/gcc-7/release/link-static/threading-multi/main.o"  -Wl,-Bstatic -lz -Wl,-Bdynamic -lrt -Wl,--end-group -pthread 

...failed gcc.link bin.v2/standalone/ac/gcc-7/release/link-static/threading-multi/z...
...failed updating 1 target...
...updated 2 targets...
...found 1 target...
...updating 1 target...
gcc.link bin.v2/standalone/ac/gcc-7/release/link-static/threading-multi/zlib
/usr/bin/ld: cannot find -lzlib
collect2: error: ld returned 1 exit status

    "g++"    -o "bin.v2/standalone/ac/gcc-7/release/link-static/threading-multi/zlib" -Wl,--start-group "bin.v2/standalone/ac/gcc-7/release/link-static/threading-multi/main.o"  -Wl,-Bstatic -lzlib -Wl,-Bdynamic -lrt -Wl,--end-group -pthread 

...failed gcc.link bin.v2/standalone/ac/gcc-7/release/link-static/threading-multi/zlib...
...failed updating 1 target...
...found 1 target...
...updating 1 target...
gcc.link bin.v2/standalone/ac/gcc-7/release/link-static/threading-multi/zll
/usr/bin/ld: cannot find -lzll
collect2: error: ld returned 1 exit status

    "g++"    -o "bin.v2/standalone/ac/gcc-7/release/link-static/threading-multi/zll" -Wl,--start-group "bin.v2/standalone/ac/gcc-7/release/link-static/threading-multi/main.o"  -Wl,-Bstatic -lzll -Wl,-Bdynamic -lrt -Wl,--end-group -pthread 

...failed gcc.link bin.v2/standalone/ac/gcc-7/release/link-static/threading-multi/zll...
...failed updating 1 target...
...found 1 target...
...updating 1 target...
gcc.link bin.v2/standalone/ac/gcc-7/release/link-static/threading-multi/zdll
/usr/bin/ld: cannot find -lzdll
collect2: error: ld returned 1 exit status

    "g++"    -o "bin.v2/standalone/ac/gcc-7/release/link-static/threading-multi/zdll" -Wl,--start-group "bin.v2/standalone/ac/gcc-7/release/link-static/threading-multi/main.o"  -Wl,-Bstatic -lzdll -Wl,-Bdynamic -lrt -Wl,--end-group -pthread 

...failed gcc.link bin.v2/standalone/ac/gcc-7/release/link-static/threading-multi/zdll...
...failed updating 1 target...
...found 3 targets...
...updating 3 targets...
common.mkdir bin.v2/standalone/ac/gcc-7/release/threading-multi
gcc.compile.c++ bin.v2/standalone/ac/gcc-7/release/threading-multi/main.o
gcc.link bin.v2/standalone/ac/gcc-7/release/threading-multi/z
/usr/bin/ld: cannot find -lz
collect2: error: ld returned 1 exit status

    "g++"    -o "bin.v2/standalone/ac/gcc-7/release/threading-multi/z" -Wl,--start-group "bin.v2/standalone/ac/gcc-7/release/threading-multi/main.o"  -Wl,-Bstatic  -Wl,-Bdynamic -lz -lrt -Wl,--end-group -pthread 

...failed gcc.link bin.v2/standalone/ac/gcc-7/release/threading-multi/z...
...failed updating 1 target...
...updated 2 targets...
...found 1 target...
...updating 1 target...
gcc.link bin.v2/standalone/ac/gcc-7/release/threading-multi/zlib
/usr/bin/ld: cannot find -lzlib
collect2: error: ld returned 1 exit status

    "g++"    -o "bin.v2/standalone/ac/gcc-7/release/threading-multi/zlib" -Wl,--start-group "bin.v2/standalone/ac/gcc-7/release/threading-multi/main.o"  -Wl,-Bstatic  -Wl,-Bdynamic -lzlib -lrt -Wl,--end-group -pthread 

...failed gcc.link bin.v2/standalone/ac/gcc-7/release/threading-multi/zlib...
...failed updating 1 target...
...found 1 target...
...updating 1 target...
gcc.link bin.v2/standalone/ac/gcc-7/release/threading-multi/zll
/usr/bin/ld: cannot find -lzll
collect2: error: ld returned 1 exit status

    "g++"    -o "bin.v2/standalone/ac/gcc-7/release/threading-multi/zll" -Wl,--start-group "bin.v2/standalone/ac/gcc-7/release/threading-multi/main.o"  -Wl,-Bstatic  -Wl,-Bdynamic -lzll -lrt -Wl,--end-group -pthread 

...failed gcc.link bin.v2/standalone/ac/gcc-7/release/threading-multi/zll...
...failed updating 1 target...
...found 1 target...
...updating 1 target...
gcc.link bin.v2/standalone/ac/gcc-7/release/threading-multi/zdll
/usr/bin/ld: cannot find -lzdll
collect2: error: ld returned 1 exit status

    "g++"    -o "bin.v2/standalone/ac/gcc-7/release/threading-multi/zdll" -Wl,--start-group "bin.v2/standalone/ac/gcc-7/release/threading-multi/main.o"  -Wl,-Bstatic  -Wl,-Bdynamic -lzdll -lrt -Wl,--end-group -pthread 

...failed gcc.link bin.v2/standalone/ac/gcc-7/release/threading-multi/zdll...
...failed updating 1 target...
...patience...
...found 284 targets...
...updating 15 targets...
common.mkdir bin.v2/libs
common.mkdir bin.v2/libs/thread
common.mkdir bin.v2/libs/system
common.mkdir bin.v2/libs/thread/build
common.mkdir bin.v2/libs/system/build
common.mkdir bin.v2/libs/thread/build/gcc-7
common.mkdir bin.v2/libs/system/build/gcc-7
common.mkdir bin.v2/libs/system/build/gcc-7/debug
common.mkdir bin.v2/libs/thread/build/gcc-7/debug
common.mkdir bin.v2/libs/system/build/gcc-7/debug/threading-multi
common.mkdir bin.v2/libs/thread/build/gcc-7/debug/threading-multi
gcc.compile.c++ bin.v2/libs/thread/build/gcc-7/debug/threading-multi/has_atomic_flag_lockfree_test.o
libs/thread/src/../build/has_atomic_flag_lockfree_test.cpp: In function 'int main(int, char**)':
libs/thread/src/../build/has_atomic_flag_lockfree_test.cpp:9:14: warning: unused parameter 'argc' [-Wunused-parameter]
 int main(int argc, char *argv[])
              ^~~~
libs/thread/src/../build/has_atomic_flag_lockfree_test.cpp:9:31: warning: unused parameter 'argv' [-Wunused-parameter]
 int main(int argc, char *argv[])
                               ^
gcc.compile.c++ bin.v2/libs/system/build/gcc-7/debug/threading-multi/error_code.o
gcc.link.dll bin.v2/libs/system/build/gcc-7/debug/threading-multi/libboost_system.so.1.55.0
gcc.link bin.v2/libs/thread/build/gcc-7/debug/threading-multi/has_atomic_flag_lockfree
...updated 15 targets...
...found 1 target...
...updating 1 target...
config-cache.write bin.v2/project-cache.jam
...updated 1 target...
